<?xml version="1.0" encoding="UTF-8"?>
<testng-results ignored="0" total="1" passed="1" failed="0" skipped="0">
  <reporter-output>
  </reporter-output>
  <suite started-at="2022-12-07T16:32:13Z" name="Default suite" finished-at="2022-12-07T16:32:13Z" duration-ms="25">
    <groups>
    </groups>
    <test started-at="2022-12-07T16:32:13Z" name="Default test" finished-at="2022-12-07T16:32:13Z" duration-ms="25">
      <class name="gitrepo.LoginTest">
        <test-method signature="git()[pri:0, instance:gitrepo.LoginTest@1e8b7643]" started-at="2022-12-07T16:32:13Z" name="git" finished-at="2022-12-07T16:32:13Z" duration-ms="7" status="PASS">
          <reporter-output>
          </reporter-output>
        </test-method> <!-- git -->
      </class> <!-- gitrepo.LoginTest -->
    </test> <!-- Default test -->
  </suite> <!-- Default suite -->
</testng-results>
